Using pre-set license
Built from '2023.2/staging' branch; Version is '2023.2.4f1 (accd6d46ced1) revision 11324781'; Using compiler version '193431935'; Build Type 'Release'
OS: 'Windows 11  (10.0.22631) 64bit Education' Language: 'ko' Physical Memory: 14188 MB
BatchMode: 1, IsHumanControllingUs: 0, StartBugReporterOnCrash: 0, Is64bit: 1, IsPro: 1

COMMAND LINE ARGUMENTS:
C:\Program Files\Unity 2023.2.4f1\Editor\Unity.exe
-adb2
-batchMode
-noUpm
-name
AssetImportWorker2
-projectPath
C:/Users/이연준/Downloads/Hshooting
-logFile
Logs/AssetImportWorker2.log
-srvPort
57817
-job-worker-count
7
-background-job-worker-count
8
-asset-garbage-collectors
1
Successfully changed project path to: C:/Users/이연준/Downloads/Hshooting
C:/Users/이연준/Downloads/Hshooting
[UnityMemory] Configuration Parameters - Can be set up in boot.config
    "memorysetup-bucket-allocator-granularity=16"
    "memorysetup-bucket-allocator-bucket-count=8"
    "memorysetup-bucket-allocator-block-size=33554432"
    "memorysetup-bucket-allocator-block-count=8"
    "memorysetup-main-allocator-block-size=16777216"
    "memorysetup-thread-allocator-block-size=16777216"
    "memorysetup-gfx-main-allocator-block-size=16777216"
    "memorysetup-gfx-thread-allocator-block-size=16777216"
    "memorysetup-cache-allocator-block-size=4194304"
    "memorysetup-typetree-allocator-block-size=2097152"
    "memorysetup-profiler-bucket-allocator-granularity=16"
    "memorysetup-profiler-bucket-allocator-bucket-count=8"
    "memorysetup-profiler-bucket-allocator-block-size=33554432"
    "memorysetup-profiler-bucket-allocator-block-count=8"
    "memorysetup-profiler-allocator-block-size=16777216"
    "memorysetup-profiler-editor-allocator-block-size=1048576"
    "memorysetup-temp-allocator-size-main=16777216"
    "memorysetup-job-temp-allocator-block-size=2097152"
    "memorysetup-job-temp-allocator-block-size-background=1048576"
    "memorysetup-job-temp-allocator-reduction-small-platforms=262144"
    "memorysetup-allocator-temp-initial-block-size-main=262144"
    "memorysetup-allocator-temp-initial-block-size-worker=262144"
    "memorysetup-temp-allocator-size-background-worker=32768"
    "memorysetup-temp-allocator-size-job-worker=262144"
    "memorysetup-temp-allocator-size-preload-manager=33554432"
    "memorysetup-temp-allocator-size-nav-mesh-worker=65536"
    "memorysetup-temp-allocator-size-audio-worker=65536"
    "memorysetup-temp-allocator-size-cloud-worker=32768"
    "memorysetup-temp-allocator-size-gi-baking-worker=262144"
    "memorysetup-temp-allocator-size-gi-baking-worker=262144"
    "memorysetup-temp-allocator-size-gi-baking-worker=262144"
    "memorysetup-temp-allocator-size-gi-baking-worker=262144"
    "memorysetup-temp-allocator-size-gfx=262144"
Player connection [23956] Host "[IP] 192.168.0.5 [Port] 0 [Flags] 2 [Guid] 3981410779 [EditorId] 3981410779 [Version] 1048832 [Id] WindowsEditor(7,DESKTOP-A9N9A0U) [Debug] 1 [PackageName] WindowsEditor [ProjectName] Editor" joined multi-casting on [225.0.0.222:54997]...
Player connection [23956] Host "[IP] 192.168.0.5 [Port] 0 [Flags] 2 [Guid] 3981410779 [EditorId] 3981410779 [Version] 1048832 [Id] WindowsEditor(7,DESKTOP-A9N9A0U) [Debug] 1 [PackageName] WindowsEditor [ProjectName] Editor" joined alternative multi-casting on [225.0.0.222:34997]...
JobSystem: Creating JobQueue using job-worker-count value 7
[Physics::Module] Initialized MultithreadedJobDispatcher with 7 workers.
Library Redirect Path: Library/
Refreshing native plugins compatible for Editor in 5.17 ms, found 7 plugins.
Preloading 0 native plugins for Editor in 0.00 ms.
Initialize engine version: 2023.2.4f1 (accd6d46ced1)
[Subsystems] Discovering subsystems at path C:/Program Files/Unity 2023.2.4f1/Editor/Data/Resources/UnitySubsystems
[Subsystems] Discovering subsystems at path C:/Users/이연준/Downloads/Hshooting/Assets
GfxDevice: creating device client; kGfxThreadingModeNonThreaded
Direct3D:
    Version:  Direct3D 11.0 [level 11.1]
    Renderer: NVIDIA GeForce RTX 3060 Laptop GPU (ID=0x2560)
    Vendor:   NVIDIA
    VRAM:     5996 MB
    Driver:   32.0.15.5585
Initialize mono
Mono path[0] = 'C:/Program Files/Unity 2023.2.4f1/Editor/Data/Managed'
Mono path[1] = 'C:/Program Files/Unity 2023.2.4f1/Editor/Data/MonoBleedingEdge/lib/mono/unityjit-win32'
Mono config path = 'C:/Program Files/Unity 2023.2.4f1/Editor/Data/MonoBleedingEdge/etc'
Using monoOptions --debugger-agent=transport=dt_socket,embedding=1,server=y,suspend=n,address=127.0.0.1:56108
Begin MonoManager ReloadAssembly
Registering precompiled unity dll's ...
Register platform support module: C:/Program Files/Unity 2023.2.4f1/Editor/Data/PlaybackEngines/WindowsStandaloneSupport/UnityEditor.WindowsStandalone.Extensions.dll
Register platform support module: C:/Program Files/Unity 2023.2.4f1/Editor/Data/PlaybackEngines/AndroidPlayer/UnityEditor.Android.Extensions.dll
Registered in 0.007832 seconds.
- Loaded All Assemblies, in  0.574 seconds
Native extension for Android target not found
Native extension for WindowsStandalone target not found
Mono: successfully reloaded assembly
- Finished resetting the current domain, in  0.425 seconds
Domain Reload Profiling: 994ms
	BeginReloadAssembly (194ms)
		ExecutionOrderSort (0ms)
		DisableScriptedObjects (0ms)
		BackupInstance (0ms)
		ReleaseScriptingObjects (0ms)
		CreateAndSetChildDomain (1ms)
	RebuildCommonClasses (50ms)
	RebuildNativeTypeToScriptingClass (14ms)
	initialDomainReloadingComplete (77ms)
	LoadAllAssembliesAndSetupDomain (233ms)
		LoadAssemblies (190ms)
		RebuildTransferFunctionScriptingTraits (0ms)
		AnalyzeDomain (228ms)
			TypeCache.Refresh (226ms)
				TypeCache.ScanAssembly (209ms)
			BuildScriptInfoCaches (0ms)
			ResolveRequiredComponents (1ms)
	FinalizeReload (426ms)
		ReleaseScriptCaches (0ms)
		RebuildScriptCaches (0ms)
		SetupLoadedEditorAssemblies (375ms)
			LogAssemblyErrors (0ms)
			InitializePlatformSupportModulesInManaged (101ms)
			SetLoadedEditorAssemblies (5ms)
			BeforeProcessingInitializeOnLoad (10ms)
			ProcessInitializeOnLoadAttributes (197ms)
			ProcessInitializeOnLoadMethodAttributes (61ms)
			AfterProcessingInitializeOnLoad (0ms)
			EditorAssembliesLoaded (0ms)
		ExecutionOrderSort2 (0ms)
		AwakeInstancesAfterBackupRestoration (0ms)
========================================================================
Worker process is ready to serve import requests
Import Worker Mode flag is 0x00
Begin MonoManager ReloadAssembly
- Loaded All Assemblies, in  1.045 seconds
Refreshing native plugins compatible for Editor in 5.32 ms, found 7 plugins.
Native extension for Android target not found
Native extension for WindowsStandalone target not found
Mono: successfully reloaded assembly
- Finished resetting the current domain, in  0.813 seconds
Domain Reload Profiling: 1850ms
	BeginReloadAssembly (375ms)
		ExecutionOrderSort (0ms)
		DisableScriptedObjects (7ms)
		BackupInstance (0ms)
		ReleaseScriptingObjects (0ms)
		CreateAndSetChildDomain (38ms)
	RebuildCommonClasses (45ms)
	RebuildNativeTypeToScriptingClass (13ms)
	initialDomainReloadingComplete (45ms)
	LoadAllAssembliesAndSetupDomain (559ms)
		LoadAssemblies (468ms)
		RebuildTransferFunctionScriptingTraits (0ms)
		AnalyzeDomain (223ms)
			TypeCache.Refresh (174ms)
				TypeCache.ScanAssembly (153ms)
			BuildScriptInfoCaches (39ms)
			ResolveRequiredComponents (7ms)
	FinalizeReload (813ms)
		ReleaseScriptCaches (0ms)
		RebuildScriptCaches (0ms)
		SetupLoadedEditorAssemblies (582ms)
			LogAssemblyErrors (0ms)
			InitializePlatformSupportModulesInManaged (25ms)
			SetLoadedEditorAssemblies (5ms)
			BeforeProcessingInitializeOnLoad (84ms)
			ProcessInitializeOnLoadAttributes (413ms)
			ProcessInitializeOnLoadMethodAttributes (44ms)
			AfterProcessingInitializeOnLoad (11ms)
			EditorAssembliesLoaded (0ms)
		ExecutionOrderSort2 (0ms)
		AwakeInstancesAfterBackupRestoration (8ms)
Launched and connected shader compiler UnityShaderCompiler.exe after 0.01 seconds
Refreshing native plugins compatible for Editor in 5.57 ms, found 7 plugins.
Preloading 0 native plugins for Editor in 0.00 ms.
Unloading 21 Unused Serialized files (Serialized files now loaded: 0)
Unloading 4273 unused Assets / (1.1 MB). Loaded Objects now: 4840.
Memory consumption went from 125.3 MB to 124.3 MB.
Total: 8.459300 ms (FindLiveObjects: 0.580900 ms CreateObjectMapping: 0.401700 ms MarkObjects: 6.032200 ms  DeleteObjects: 1.443400 ms)

========================================================================
Received Import Request.
  Time since last request: 95153.808896 seconds.
  path: Assets/Images/sky2.bmp
  artifactKey: Guid(fe142ca3246ecfa4d81acd9da647edcd) Importer(2089858483,192608db42251d675da83286b1cce702)
Start importing Assets/Images/sky2.bmp using Guid(fe142ca3246ecfa4d81acd9da647edcd) Importer(2089858483,192608db42251d675da83286b1cce702) (ScriptedImporter) -> (artifact id: 'c72a796955ea59a6876c382aa3391bb1') in 0.1839808 seconds
Number of updated asset objects reloaded before import = 0Number of asset objects unloaded after import = 3

========================================================================
Received Import Request.
  Time since last request: 0.000026 seconds.
  path: Assets/Images/StoreImage/UI_mission_back.png
  artifactKey: Guid(956d1c2706b95db40842470ddc8ae603) Importer(2089858483,192608db42251d675da83286b1cce702)
Start importing Assets/Images/StoreImage/UI_mission_back.png using Guid(956d1c2706b95db40842470ddc8ae603) Importer(2089858483,192608db42251d675da83286b1cce702) (ScriptedImporter) -> (artifact id: '34a8bad2fabc271e1f0c26c30d592e29') in 0.0522702 seconds
Number of updated asset objects reloaded before import = 0Number of asset objects unloaded after import = 3

========================================================================
Received Import Request.
  Time since last request: 0.000023 seconds.
  path: Assets/Resources/Player_Root.prefab
  artifactKey: Guid(f388dd75f4f6ded4c88e9daab70e55ae) Importer(2089858483,192608db42251d675da83286b1cce702)
Start importing Assets/Resources/Player_Root.prefab using Guid(f388dd75f4f6ded4c88e9daab70e55ae) Importer(2089858483,192608db42251d675da83286b1cce702) (ScriptedImporter) -> (artifact id: '06c77fdd339ce7b222c2ea39d7f672e0') in 0.0244852 seconds
Number of updated asset objects reloaded before import = 0Number of asset objects unloaded after import = 18

========================================================================
Received Import Request.
  Time since last request: 0.000028 seconds.
  path: Assets/Images/MyChr.png
  artifactKey: Guid(07757775ee7cbaf44b39e83f685a9a9b) Importer(2089858483,192608db42251d675da83286b1cce702)
Start importing Assets/Images/MyChr.png using Guid(07757775ee7cbaf44b39e83f685a9a9b) Importer(2089858483,192608db42251d675da83286b1cce702) (ScriptedImporter) -> (artifact id: 'e512cc6675292ce27b6cfd06ca12fac8') in 0.024666 seconds
Number of updated asset objects reloaded before import = 0Number of asset objects unloaded after import = 3

========================================================================
Received Import Request.
  Time since last request: 0.000019 seconds.
  path: Assets/Scripts/BackSky_Ctrl.cs
  artifactKey: Guid(1fd13eb75f281f747b8ea3a20d3125c2) Importer(2089858483,192608db42251d675da83286b1cce702)
Start importing Assets/Scripts/BackSky_Ctrl.cs using Guid(1fd13eb75f281f747b8ea3a20d3125c2) Importer(2089858483,192608db42251d675da83286b1cce702) (ScriptedImporter) -> (artifact id: '69cfd4eaf68cf8b66b743ed09fdcd64d') in 0.0063798 seconds
Number of updated asset objects reloaded before import = 0Number of asset objects unloaded after import = 0

========================================================================
Received Import Request.
  Time since last request: 0.000114 seconds.
  path: Assets/Images/Final-Gear.png
  artifactKey: Guid(7c13112558186db4a8422a0d78fd5d9d) Importer(2089858483,192608db42251d675da83286b1cce702)
Start importing Assets/Images/Final-Gear.png using Guid(7c13112558186db4a8422a0d78fd5d9d) Importer(2089858483,192608db42251d675da83286b1cce702) (ScriptedImporter) -> (artifact id: '1e942f69dc738aa3d4f8e5649ca27c26') in 0.0430672 seconds
Number of updated asset objects reloaded before import = 0Number of asset objects unloaded after import = 3

========================================================================
Received Import Request.
  Time since last request: 0.000138 seconds.
  path: Assets/Images/Back_102.jpeg
  artifactKey: Guid(d35087dd14a500247822314eb69ef0ca) Importer(2089858483,192608db42251d675da83286b1cce702)
Start importing Assets/Images/Back_102.jpeg using Guid(d35087dd14a500247822314eb69ef0ca) Importer(2089858483,192608db42251d675da83286b1cce702) (ScriptedImporter) -> (artifact id: '9bdf6d13253e056754a008d6231fb39c') in 0.0229557 seconds
Number of updated asset objects reloaded before import = 0Number of asset objects unloaded after import = 3

========================================================================
Received Import Request.
  Time since last request: 0.000032 seconds.
  path: Assets/Images/EcJqyB_VcAIb6q5.jpg
  artifactKey: Guid(eae8327476e3bef46a13162dfee8005e) Importer(2089858483,192608db42251d675da83286b1cce702)
Start importing Assets/Images/EcJqyB_VcAIb6q5.jpg using Guid(eae8327476e3bef46a13162dfee8005e) Importer(2089858483,192608db42251d675da83286b1cce702) (ScriptedImporter) -> (artifact id: 'abecb872b5e6c09e27d66a684b58bcb1') in 0.0493337 seconds
Number of updated asset objects reloaded before import = 0Number of asset objects unloaded after import = 3

========================================================================
Received Import Request.
  Time since last request: 0.000025 seconds.
  path: Assets/Images/UI/ClosePNG.png
  artifactKey: Guid(b678f5c2410ffa94a8858d54e69ca6dd) Importer(2089858483,192608db42251d675da83286b1cce702)
Start importing Assets/Images/UI/ClosePNG.png using Guid(b678f5c2410ffa94a8858d54e69ca6dd) Importer(2089858483,192608db42251d675da83286b1cce702) (ScriptedImporter) -> (artifact id: '7b398c3caf937efaafc476932c0d609b') in 0.0238203 seconds
Number of updated asset objects reloaded before import = 0Number of asset objects unloaded after import = 3

========================================================================
Received Import Request.
  Time since last request: 0.000023 seconds.
  path: Assets/Images/UI/Pink_Circle.png
  artifactKey: Guid(ddd6fe9e7ddf1014283e77b3c548e65d) Importer(2089858483,192608db42251d675da83286b1cce702)
Start importing Assets/Images/UI/Pink_Circle.png using Guid(ddd6fe9e7ddf1014283e77b3c548e65d) Importer(2089858483,192608db42251d675da83286b1cce702) (ScriptedImporter) -> (artifact id: '5c71e30f35b78ddaeec2678df37585e2') in 0.0287105 seconds
Number of updated asset objects reloaded before import = 0Number of asset objects unloaded after import = 3

========================================================================
Received Import Request.
  Time since last request: 0.000043 seconds.
  path: Assets/Metarial/Back_Mtrl.mat
  artifactKey: Guid(a340cd8da54cc2d44b9047f690e00446) Importer(2089858483,192608db42251d675da83286b1cce702)
Start importing Assets/Metarial/Back_Mtrl.mat using Guid(a340cd8da54cc2d44b9047f690e00446) Importer(2089858483,192608db42251d675da83286b1cce702) (ScriptedImporter) -> (artifact id: '5a5dc9d329ce1ec7ac44b658f753c413') in 0.0208508 seconds
Number of updated asset objects reloaded before import = 0Number of asset objects unloaded after import = 2

========================================================================
Received Import Request.
  Time since last request: 0.000063 seconds.
  path: Assets/Images/StoreImage/m0011.png
  artifactKey: Guid(00f92c1c883751b40987c1fac4aa9fc3) Importer(2089858483,192608db42251d675da83286b1cce702)
Start importing Assets/Images/StoreImage/m0011.png using Guid(00f92c1c883751b40987c1fac4aa9fc3) Importer(2089858483,192608db42251d675da83286b1cce702) (ScriptedImporter) -> (artifact id: '3509eeac263ee6f9de5aed93d88872c6') in 0.0328348 seconds
Number of updated asset objects reloaded before import = 0Number of asset objects unloaded after import = 3

========================================================================
Received Import Request.
  Time since last request: 0.000030 seconds.
  path: Assets/Images/BossImg/Megapack III Behemoth.png
  artifactKey: Guid(89cdc5918886c6247809634ca189f2b7) Importer(2089858483,192608db42251d675da83286b1cce702)
Start importing Assets/Images/BossImg/Megapack III Behemoth.png using Guid(89cdc5918886c6247809634ca189f2b7) Importer(2089858483,192608db42251d675da83286b1cce702) (ScriptedImporter) -> (artifact id: 'c39bf15e6fb6d2e3b7392ff1da866691') in 0.0257715 seconds
Number of updated asset objects reloaded before import = 0Number of asset objects unloaded after import = 3

========================================================================
Received Import Request.
  Time since last request: 0.000046 seconds.
  path: Assets/Images/UI/main_my_room.png
  artifactKey: Guid(fc9eed3d24bb0584d8dffc5a2bccb9e9) Importer(2089858483,192608db42251d675da83286b1cce702)
Start importing Assets/Images/UI/main_my_room.png using Guid(fc9eed3d24bb0584d8dffc5a2bccb9e9) Importer(2089858483,192608db42251d675da83286b1cce702) (ScriptedImporter) -> (artifact id: 'ff649330be37e17b73b28e24d8b77d5a') in 0.0288353 seconds
Number of updated asset objects reloaded before import = 0Number of asset objects unloaded after import = 3

========================================================================
Received Import Request.
  Time since last request: 0.000024 seconds.
  path: Assets/Images/BossImg/Megapack III Zodiac Aries.png
  artifactKey: Guid(4fde653794b711c429d0031bdd191a38) Importer(2089858483,192608db42251d675da83286b1cce702)
Start importing Assets/Images/BossImg/Megapack III Zodiac Aries.png using Guid(4fde653794b711c429d0031bdd191a38) Importer(2089858483,192608db42251d675da83286b1cce702) (ScriptedImporter) -> (artifact id: 'a38d16e9e71272e5db1076a06527ebea') in 0.0248997 seconds
Number of updated asset objects reloaded before import = 0Number of asset objects unloaded after import = 3

========================================================================
Received Import Request.
  Time since last request: 0.000025 seconds.
  path: Assets/Scenes/GameScene.unity
  artifactKey: Guid(86aebc24a631fff42900e4e0389f9415) Importer(2089858483,192608db42251d675da83286b1cce702)
Start importing Assets/Scenes/GameScene.unity using Guid(86aebc24a631fff42900e4e0389f9415) Importer(2089858483,192608db42251d675da83286b1cce702) (ScriptedImporter) -> (artifact id: 'af5ef6b34eb65f4f00fbb2f2a21fd53b') in 0.0112515 seconds
Number of updated asset objects reloaded before import = 0Number of asset objects unloaded after import = 1

========================================================================
Received Import Request.
  Time since last request: 0.000075 seconds.
  path: Assets/Images/background.psd
  artifactKey: Guid(620304952e0fe684fbee04cf49fde4b8) Importer(2089858483,192608db42251d675da83286b1cce702)
Start importing Assets/Images/background.psd using Guid(620304952e0fe684fbee04cf49fde4b8) Importer(2089858483,192608db42251d675da83286b1cce702) (ScriptedImporter) -> (artifact id: 'ac73e4e1b3ca91becdc65a69c9e052f0') in 0.0207958 seconds
Number of updated asset objects reloaded before import = 0Number of asset objects unloaded after import = 3

========================================================================
Received Import Request.
  Time since last request: 0.000026 seconds.
  path: Assets/Images/BackImg.jpg
  artifactKey: Guid(0b3f81d2595e2ab458acd8577b9ab666) Importer(2089858483,192608db42251d675da83286b1cce702)
Start importing Assets/Images/BackImg.jpg using Guid(0b3f81d2595e2ab458acd8577b9ab666) Importer(2089858483,192608db42251d675da83286b1cce702) (ScriptedImporter) -> (artifact id: '27602cc13dd3e03c153c67c8b52a9036') in 0.0278734 seconds
Number of updated asset objects reloaded before import = 0Number of asset objects unloaded after import = 3

========================================================================
Received Import Request.
  Time since last request: 0.000034 seconds.
  path: Assets/Images/FS_Heart.png
  artifactKey: Guid(b6c285cdd2384d54083d22f2e566a03b) Importer(2089858483,192608db42251d675da83286b1cce702)
Start importing Assets/Images/FS_Heart.png using Guid(b6c285cdd2384d54083d22f2e566a03b) Importer(2089858483,192608db42251d675da83286b1cce702) (ScriptedImporter) -> (artifact id: '629cc8f3907fdf06a3db5f3dce417965') in 0.0202862 seconds
Number of updated asset objects reloaded before import = 0Number of asset objects unloaded after import = 3

========================================================================
Received Import Request.
  Time since last request: 0.000068 seconds.
  path: Assets/Images/UI/Game_Cog_1.png
  artifactKey: Guid(6894ce5eb27e48a48b9c56f550cc370e) Importer(2089858483,192608db42251d675da83286b1cce702)
Start importing Assets/Images/UI/Game_Cog_1.png using Guid(6894ce5eb27e48a48b9c56f550cc370e) Importer(2089858483,192608db42251d675da83286b1cce702) (ScriptedImporter) -> (artifact id: 'b41a4442a0ae1a70e03c428acc9e3b52') in 0.0248352 seconds
Number of updated asset objects reloaded before import = 0Number of asset objects unloaded after import = 3

========================================================================
Received Import Request.
  Time since last request: 0.000105 seconds.
  path: Assets/Images/BossImg/Megapack III Void Gargoyle.png
  artifactKey: Guid(50d302ba153779c4296df306f2a36bfd) Importer(2089858483,192608db42251d675da83286b1cce702)
Start importing Assets/Images/BossImg/Megapack III Void Gargoyle.png using Guid(50d302ba153779c4296df306f2a36bfd) Importer(2089858483,192608db42251d675da83286b1cce702) (ScriptedImporter) -> (artifact id: '752e3fbf8e1fe11b9726b95359ccdb63') in 0.033067 seconds
Number of updated asset objects reloaded before import = 0Number of asset objects unloaded after import = 3

========================================================================
Received Import Request.
  Time since last request: 0.000021 seconds.
  path: Assets/Images/805742.jpg
  artifactKey: Guid(e016290fef40620469664adf973b5e44) Importer(2089858483,192608db42251d675da83286b1cce702)
Start importing Assets/Images/805742.jpg using Guid(e016290fef40620469664adf973b5e44) Importer(2089858483,192608db42251d675da83286b1cce702) (ScriptedImporter) -> (artifact id: 'c69e7fae06db3ae7eacddfd2f2b4e343') in 0.0278409 seconds
Number of updated asset objects reloaded before import = 0Number of asset objects unloaded after import = 3

========================================================================
Received Import Request.
  Time since last request: 0.000102 seconds.
  path: Assets/Images/BossImg/Megapack III Hellhound Inferni.png
  artifactKey: Guid(5da1a91faf20c03488af5fb5b26d9461) Importer(2089858483,192608db42251d675da83286b1cce702)
Start importing Assets/Images/BossImg/Megapack III Hellhound Inferni.png using Guid(5da1a91faf20c03488af5fb5b26d9461) Importer(2089858483,192608db42251d675da83286b1cce702) (ScriptedImporter) -> (artifact id: 'e18a14f609db132a8109c5c95bf4d181') in 0.0237474 seconds
Number of updated asset objects reloaded before import = 0Number of asset objects unloaded after import = 3

========================================================================
Received Import Request.
  Time since last request: 0.000230 seconds.
  path: Assets/Resources/Bullet.prefab
  artifactKey: Guid(208de349f97223d4492923675192344c) Importer(2089858483,192608db42251d675da83286b1cce702)
Start importing Assets/Resources/Bullet.prefab using Guid(208de349f97223d4492923675192344c) Importer(2089858483,192608db42251d675da83286b1cce702) (ScriptedImporter) -> (artifact id: '11adb687d055f73e1a135b00fd04f85f') in 0.0294145 seconds
Number of updated asset objects reloaded before import = 0Number of asset objects unloaded after import = 10

========================================================================
Received Import Request.
  Time since last request: 0.000028 seconds.
  path: Assets/Images/BossImg/Megapack III Black Iron Minotaur Beef.png
  artifactKey: Guid(fe67d1fe44045544fa4a93fb24d36a97) Importer(2089858483,192608db42251d675da83286b1cce702)
Start importing Assets/Images/BossImg/Megapack III Black Iron Minotaur Beef.png using Guid(fe67d1fe44045544fa4a93fb24d36a97) Importer(2089858483,192608db42251d675da83286b1cce702) (ScriptedImporter) -> (artifact id: 'a87812a42185f8273519b28088709475') in 0.0254155 seconds
Number of updated asset objects reloaded before import = 0Number of asset objects unloaded after import = 3

========================================================================
Received Import Request.
  Time since last request: 0.000025 seconds.
  path: Assets/Images/UI/CheckboxPNG.png
  artifactKey: Guid(ea36d74aab3c4e24890f170363f25e62) Importer(2089858483,192608db42251d675da83286b1cce702)
Start importing Assets/Images/UI/CheckboxPNG.png using Guid(ea36d74aab3c4e24890f170363f25e62) Importer(2089858483,192608db42251d675da83286b1cce702) (ScriptedImporter) -> (artifact id: 'a157005c903f42dedf5bdac2c83971e2') in 0.0210023 seconds
Number of updated asset objects reloaded before import = 0Number of asset objects unloaded after import = 3

========================================================================
Received Import Request.
  Time since last request: 0.000027 seconds.
  path: Assets/Images/StoreImage/m0423.png
  artifactKey: Guid(dc2c56e6c6ba06c47b2f12b76721fab0) Importer(2089858483,192608db42251d675da83286b1cce702)
Start importing Assets/Images/StoreImage/m0423.png using Guid(dc2c56e6c6ba06c47b2f12b76721fab0) Importer(2089858483,192608db42251d675da83286b1cce702) (ScriptedImporter) -> (artifact id: 'a4fff33fc40c589c849686240f3f32c6') in 0.0278245 seconds
Number of updated asset objects reloaded before import = 0Number of asset objects unloaded after import = 3

========================================================================
Received Import Request.
  Time since last request: 0.000030 seconds.
  path: Assets/Images/UI/games_achievements_white.png
  artifactKey: Guid(3827b7de5a3443a4a9eee5086908a653) Importer(2089858483,192608db42251d675da83286b1cce702)
Start importing Assets/Images/UI/games_achievements_white.png using Guid(3827b7de5a3443a4a9eee5086908a653) Importer(2089858483,192608db42251d675da83286b1cce702) (ScriptedImporter) -> (artifact id: '665e748378dca8fb5db733900c0da5b3') in 0.0270073 seconds
Number of updated asset objects reloaded before import = 0Number of asset objects unloaded after import = 3

========================================================================
Received Import Request.
  Time since last request: 0.000044 seconds.
  path: Assets/Images/Zombi1.png
  artifactKey: Guid(93802e226abc87b41858fc08cf344bfc) Importer(2089858483,192608db42251d675da83286b1cce702)
Start importing Assets/Images/Zombi1.png using Guid(93802e226abc87b41858fc08cf344bfc) Importer(2089858483,192608db42251d675da83286b1cce702) (ScriptedImporter) -> (artifact id: 'fab73ea629ffbef56422aec770191081') in 0.0232519 seconds
Number of updated asset objects reloaded before import = 0Number of asset objects unloaded after import = 3

========================================================================
Received Import Request.
  Time since last request: 0.000072 seconds.
  path: Assets/Images/BossImg/Megapack III Fallen Kings King Of Dwarves Skor.png
  artifactKey: Guid(b5e3b5d9cb699f0478763e66c5634954) Importer(2089858483,192608db42251d675da83286b1cce702)
Start importing Assets/Images/BossImg/Megapack III Fallen Kings King Of Dwarves Skor.png using Guid(b5e3b5d9cb699f0478763e66c5634954) Importer(2089858483,192608db42251d675da83286b1cce702) (ScriptedImporter) -> (artifact id: 'ff3be79043bb465e406fd4b909e3cc6b') in 0.0264308 seconds
Number of updated asset objects reloaded before import = 0Number of asset objects unloaded after import = 3

