Using pre-set license
Built from '2023.2/staging' branch; Version is '2023.2.4f1 (accd6d46ced1) revision 11324781'; Using compiler version '193431935'; Build Type 'Release'
OS: 'Windows 11  (10.0.22631) 64bit Education' Language: 'ko' Physical Memory: 14188 MB
BatchMode: 1, IsHumanControllingUs: 0, StartBugReporterOnCrash: 0, Is64bit: 1, IsPro: 1

COMMAND LINE ARGUMENTS:
C:\Program Files\Unity 2023.2.4f1\Editor\Unity.exe
-adb2
-batchMode
-noUpm
-name
AssetImportWorker0
-projectPath
C:/Users/이연준/Downloads/Hshooting
-logFile
Logs/AssetImportWorker0.log
-srvPort
57817
-job-worker-count
7
-background-job-worker-count
8
-asset-garbage-collectors
1
Successfully changed project path to: C:/Users/이연준/Downloads/Hshooting
C:/Users/이연준/Downloads/Hshooting
[UnityMemory] Configuration Parameters - Can be set up in boot.config
    "memorysetup-bucket-allocator-granularity=16"
    "memorysetup-bucket-allocator-bucket-count=8"
    "memorysetup-bucket-allocator-block-size=33554432"
    "memorysetup-bucket-allocator-block-count=8"
    "memorysetup-main-allocator-block-size=16777216"
    "memorysetup-thread-allocator-block-size=16777216"
    "memorysetup-gfx-main-allocator-block-size=16777216"
    "memorysetup-gfx-thread-allocator-block-size=16777216"
    "memorysetup-cache-allocator-block-size=4194304"
    "memorysetup-typetree-allocator-block-size=2097152"
    "memorysetup-profiler-bucket-allocator-granularity=16"
    "memorysetup-profiler-bucket-allocator-bucket-count=8"
    "memorysetup-profiler-bucket-allocator-block-size=33554432"
    "memorysetup-profiler-bucket-allocator-block-count=8"
    "memorysetup-profiler-allocator-block-size=16777216"
    "memorysetup-profiler-editor-allocator-block-size=1048576"
    "memorysetup-temp-allocator-size-main=16777216"
    "memorysetup-job-temp-allocator-block-size=2097152"
    "memorysetup-job-temp-allocator-block-size-background=1048576"
    "memorysetup-job-temp-allocator-reduction-small-platforms=262144"
    "memorysetup-allocator-temp-initial-block-size-main=262144"
    "memorysetup-allocator-temp-initial-block-size-worker=262144"
    "memorysetup-temp-allocator-size-background-worker=32768"
    "memorysetup-temp-allocator-size-job-worker=262144"
    "memorysetup-temp-allocator-size-preload-manager=33554432"
    "memorysetup-temp-allocator-size-nav-mesh-worker=65536"
    "memorysetup-temp-allocator-size-audio-worker=65536"
    "memorysetup-temp-allocator-size-cloud-worker=32768"
    "memorysetup-temp-allocator-size-gi-baking-worker=262144"
    "memorysetup-temp-allocator-size-gi-baking-worker=262144"
    "memorysetup-temp-allocator-size-gi-baking-worker=262144"
    "memorysetup-temp-allocator-size-gi-baking-worker=262144"
    "memorysetup-temp-allocator-size-gfx=262144"
Player connection [27036] Host "[IP] 192.168.0.5 [Port] 0 [Flags] 2 [Guid] 1179168431 [EditorId] 1179168431 [Version] 1048832 [Id] WindowsEditor(7,DESKTOP-A9N9A0U) [Debug] 1 [PackageName] WindowsEditor [ProjectName] Editor" joined multi-casting on [225.0.0.222:54997]...
Player connection [27036] Host "[IP] 192.168.0.5 [Port] 0 [Flags] 2 [Guid] 1179168431 [EditorId] 1179168431 [Version] 1048832 [Id] WindowsEditor(7,DESKTOP-A9N9A0U) [Debug] 1 [PackageName] WindowsEditor [ProjectName] Editor" joined alternative multi-casting on [225.0.0.222:34997]...
JobSystem: Creating JobQueue using job-worker-count value 7
[Physics::Module] Initialized MultithreadedJobDispatcher with 7 workers.
Library Redirect Path: Library/
Refreshing native plugins compatible for Editor in 6.38 ms, found 7 plugins.
Preloading 0 native plugins for Editor in 0.00 ms.
Initialize engine version: 2023.2.4f1 (accd6d46ced1)
[Subsystems] Discovering subsystems at path C:/Program Files/Unity 2023.2.4f1/Editor/Data/Resources/UnitySubsystems
[Subsystems] Discovering subsystems at path C:/Users/이연준/Downloads/Hshooting/Assets
GfxDevice: creating device client; kGfxThreadingModeNonThreaded
Direct3D:
    Version:  Direct3D 11.0 [level 11.1]
    Renderer: NVIDIA GeForce RTX 3060 Laptop GPU (ID=0x2560)
    Vendor:   NVIDIA
    VRAM:     5996 MB
    Driver:   32.0.15.5585
Initialize mono
Mono path[0] = 'C:/Program Files/Unity 2023.2.4f1/Editor/Data/Managed'
Mono path[1] = 'C:/Program Files/Unity 2023.2.4f1/Editor/Data/MonoBleedingEdge/lib/mono/unityjit-win32'
Mono config path = 'C:/Program Files/Unity 2023.2.4f1/Editor/Data/MonoBleedingEdge/etc'
Using monoOptions --debugger-agent=transport=dt_socket,embedding=1,server=y,suspend=n,address=127.0.0.1:56880
Begin MonoManager ReloadAssembly
Registering precompiled unity dll's ...
Register platform support module: C:/Program Files/Unity 2023.2.4f1/Editor/Data/PlaybackEngines/WindowsStandaloneSupport/UnityEditor.WindowsStandalone.Extensions.dll
Register platform support module: C:/Program Files/Unity 2023.2.4f1/Editor/Data/PlaybackEngines/AndroidPlayer/UnityEditor.Android.Extensions.dll
Registered in 0.007343 seconds.
- Loaded All Assemblies, in  0.576 seconds
Native extension for Android target not found
Native extension for WindowsStandalone target not found
Mono: successfully reloaded assembly
- Finished resetting the current domain, in  0.426 seconds
Domain Reload Profiling: 998ms
	BeginReloadAssembly (186ms)
		ExecutionOrderSort (0ms)
		DisableScriptedObjects (0ms)
		BackupInstance (0ms)
		ReleaseScriptingObjects (0ms)
		CreateAndSetChildDomain (1ms)
	RebuildCommonClasses (52ms)
	RebuildNativeTypeToScriptingClass (16ms)
	initialDomainReloadingComplete (73ms)
	LoadAllAssembliesAndSetupDomain (245ms)
		LoadAssemblies (182ms)
		RebuildTransferFunctionScriptingTraits (0ms)
		AnalyzeDomain (240ms)
			TypeCache.Refresh (238ms)
				TypeCache.ScanAssembly (219ms)
			BuildScriptInfoCaches (0ms)
			ResolveRequiredComponents (1ms)
	FinalizeReload (427ms)
		ReleaseScriptCaches (0ms)
		RebuildScriptCaches (0ms)
		SetupLoadedEditorAssemblies (374ms)
			LogAssemblyErrors (0ms)
			InitializePlatformSupportModulesInManaged (107ms)
			SetLoadedEditorAssemblies (7ms)
			BeforeProcessingInitializeOnLoad (10ms)
			ProcessInitializeOnLoadAttributes (191ms)
			ProcessInitializeOnLoadMethodAttributes (59ms)
			AfterProcessingInitializeOnLoad (0ms)
			EditorAssembliesLoaded (0ms)
		ExecutionOrderSort2 (0ms)
		AwakeInstancesAfterBackupRestoration (0ms)
========================================================================
Worker process is ready to serve import requests
Import Worker Mode flag is 0x00
Begin MonoManager ReloadAssembly
- Loaded All Assemblies, in  1.046 seconds
Refreshing native plugins compatible for Editor in 5.95 ms, found 7 plugins.
Native extension for Android target not found
Native extension for WindowsStandalone target not found
Mono: successfully reloaded assembly
- Finished resetting the current domain, in  0.812 seconds
Domain Reload Profiling: 1849ms
	BeginReloadAssembly (368ms)
		ExecutionOrderSort (0ms)
		DisableScriptedObjects (6ms)
		BackupInstance (0ms)
		ReleaseScriptingObjects (0ms)
		CreateAndSetChildDomain (40ms)
	RebuildCommonClasses (43ms)
	RebuildNativeTypeToScriptingClass (16ms)
	initialDomainReloadingComplete (52ms)
	LoadAllAssembliesAndSetupDomain (557ms)
		LoadAssemblies (475ms)
		RebuildTransferFunctionScriptingTraits (0ms)
		AnalyzeDomain (217ms)
			TypeCache.Refresh (180ms)
				TypeCache.ScanAssembly (158ms)
			BuildScriptInfoCaches (31ms)
			ResolveRequiredComponents (4ms)
	FinalizeReload (813ms)
		ReleaseScriptCaches (0ms)
		RebuildScriptCaches (0ms)
		SetupLoadedEditorAssemblies (576ms)
			LogAssemblyErrors (0ms)
			InitializePlatformSupportModulesInManaged (27ms)
			SetLoadedEditorAssemblies (6ms)
			BeforeProcessingInitializeOnLoad (74ms)
			ProcessInitializeOnLoadAttributes (418ms)
			ProcessInitializeOnLoadMethodAttributes (41ms)
			AfterProcessingInitializeOnLoad (10ms)
			EditorAssembliesLoaded (0ms)
		ExecutionOrderSort2 (0ms)
		AwakeInstancesAfterBackupRestoration (9ms)
Launched and connected shader compiler UnityShaderCompiler.exe after 0.02 seconds
Refreshing native plugins compatible for Editor in 6.38 ms, found 7 plugins.
Preloading 0 native plugins for Editor in 0.00 ms.
Unloading 21 Unused Serialized files (Serialized files now loaded: 0)
Unloading 4273 unused Assets / (1.4 MB). Loaded Objects now: 4840.
Memory consumption went from 125.3 MB to 124.0 MB.
Total: 7.994300 ms (FindLiveObjects: 0.683100 ms CreateObjectMapping: 0.553500 ms MarkObjects: 5.192100 ms  DeleteObjects: 1.564200 ms)

========================================================================
Received Import Request.
  Time since last request: 95153.758980 seconds.
  path: Assets/Scripts/Player_Ctrl.cs
  artifactKey: Guid(ae30544b6e658804d8a99d89b1eefb2b) Importer(2089858483,192608db42251d675da83286b1cce702)
Start importing Assets/Scripts/Player_Ctrl.cs using Guid(ae30544b6e658804d8a99d89b1eefb2b) Importer(2089858483,192608db42251d675da83286b1cce702) (ScriptedImporter) -> (artifact id: '7bb9fc2bd2c439b628dce0daaccbf30a') in 0.1039306 seconds
Number of updated asset objects reloaded before import = 0Number of asset objects unloaded after import = 0

========================================================================
Received Import Request.
  Time since last request: 0.000117 seconds.
  path: Assets/Scripts/Mon_Ctrl.cs
  artifactKey: Guid(d5c7faf305ba7ab41b12a526e4fc0991) Importer(2089858483,192608db42251d675da83286b1cce702)
Start importing Assets/Scripts/Mon_Ctrl.cs using Guid(d5c7faf305ba7ab41b12a526e4fc0991) Importer(2089858483,192608db42251d675da83286b1cce702) (ScriptedImporter) -> (artifact id: 'c4f24e9ef0d934b1ebe27813fd1a6f69') in 0.0058194 seconds
Number of updated asset objects reloaded before import = 0Number of asset objects unloaded after import = 0

========================================================================
Received Import Request.
  Time since last request: 0.000199 seconds.
  path: Assets/Images/UI/main_notice.png
  artifactKey: Guid(a65c2ef0f04834141bffe290faae2262) Importer(2089858483,192608db42251d675da83286b1cce702)
Start importing Assets/Images/UI/main_notice.png using Guid(a65c2ef0f04834141bffe290faae2262) Importer(2089858483,192608db42251d675da83286b1cce702) (ScriptedImporter) -> (artifact id: '59c35158fe57309d67b76eab2a19ec57') in 0.0759976 seconds
Number of updated asset objects reloaded before import = 0Number of asset objects unloaded after import = 3

========================================================================
Received Import Request.
  Time since last request: 0.000027 seconds.
  path: Assets/Images/Back_100.jpg
  artifactKey: Guid(ea9c65bb495de644d936d70c4f381e18) Importer(2089858483,192608db42251d675da83286b1cce702)
Start importing Assets/Images/Back_100.jpg using Guid(ea9c65bb495de644d936d70c4f381e18) Importer(2089858483,192608db42251d675da83286b1cce702) (ScriptedImporter) -> (artifact id: '0800a5610a2bda1c653f95d075263341') in 0.0390309 seconds
Number of updated asset objects reloaded before import = 0Number of asset objects unloaded after import = 3

========================================================================
Received Import Request.
  Time since last request: 0.000020 seconds.
  path: Assets/Images/UI/main_exit.png
  artifactKey: Guid(bee672b0624746b4dadaef21126ab1d6) Importer(2089858483,192608db42251d675da83286b1cce702)
Start importing Assets/Images/UI/main_exit.png using Guid(bee672b0624746b4dadaef21126ab1d6) Importer(2089858483,192608db42251d675da83286b1cce702) (ScriptedImporter) -> (artifact id: '8e7438b44cd859321e779a4b9362329a') in 0.0399134 seconds
Number of updated asset objects reloaded before import = 0Number of asset objects unloaded after import = 3

========================================================================
Received Import Request.
  Time since last request: 0.000035 seconds.
  path: Assets/Images/Shield1.png
  artifactKey: Guid(90292302a480768459cff2053f085597) Importer(2089858483,192608db42251d675da83286b1cce702)
Start importing Assets/Images/Shield1.png using Guid(90292302a480768459cff2053f085597) Importer(2089858483,192608db42251d675da83286b1cce702) (ScriptedImporter) -> (artifact id: 'c417bc94b39db1f610d20856316d9a6f') in 0.0240432 seconds
Number of updated asset objects reloaded before import = 0Number of asset objects unloaded after import = 3

========================================================================
Received Import Request.
  Time since last request: 0.000026 seconds.
  path: Assets/Images/n031.png
  artifactKey: Guid(61c19a951e78d504eb4cb7f10b240618) Importer(2089858483,192608db42251d675da83286b1cce702)
Start importing Assets/Images/n031.png using Guid(61c19a951e78d504eb4cb7f10b240618) Importer(2089858483,192608db42251d675da83286b1cce702) (ScriptedImporter) -> (artifact id: 'b3e374f274332286f300b6b7b72f9e5a') in 0.0224064 seconds
Number of updated asset objects reloaded before import = 0Number of asset objects unloaded after import = 3

========================================================================
Received Import Request.
  Time since last request: 0.000024 seconds.
  path: Assets/Images/Bullet.png
  artifactKey: Guid(a2fe54491f91c98418e9d9ece25436d8) Importer(2089858483,192608db42251d675da83286b1cce702)
Start importing Assets/Images/Bullet.png using Guid(a2fe54491f91c98418e9d9ece25436d8) Importer(2089858483,192608db42251d675da83286b1cce702) (ScriptedImporter) -> (artifact id: 'f9d1682e30665327e40d6463399a4ed0') in 0.0214186 seconds
Number of updated asset objects reloaded before import = 0Number of asset objects unloaded after import = 3

========================================================================
Received Import Request.
  Time since last request: 0.000023 seconds.
  path: Assets/Images/BossImg/Megapack III Axe Warrior Dwarf.png
  artifactKey: Guid(feebf5aa5b53ad345b8adc24491bd681) Importer(2089858483,192608db42251d675da83286b1cce702)
Start importing Assets/Images/BossImg/Megapack III Axe Warrior Dwarf.png using Guid(feebf5aa5b53ad345b8adc24491bd681) Importer(2089858483,192608db42251d675da83286b1cce702) (ScriptedImporter) -> (artifact id: 'a4f6f6cda02010dab936bcfda41ec771') in 0.0303237 seconds
Number of updated asset objects reloaded before import = 0Number of asset objects unloaded after import = 3

========================================================================
Received Import Request.
  Time since last request: 0.000028 seconds.
  path: Assets/Images/StoreImage/m0172.png
  artifactKey: Guid(2c9a7524f86bdbe4ea2ec9655da77dd5) Importer(2089858483,192608db42251d675da83286b1cce702)
Start importing Assets/Images/StoreImage/m0172.png using Guid(2c9a7524f86bdbe4ea2ec9655da77dd5) Importer(2089858483,192608db42251d675da83286b1cce702) (ScriptedImporter) -> (artifact id: '4d090b18b53c94d37c9c2cedbe278703') in 0.0256766 seconds
Number of updated asset objects reloaded before import = 0Number of asset objects unloaded after import = 3

========================================================================
Received Import Request.
  Time since last request: 0.000028 seconds.
  path: Assets/Images/BulletImg.png
  artifactKey: Guid(28fd8464f5f9f084abb7b06d096a6666) Importer(2089858483,192608db42251d675da83286b1cce702)
Start importing Assets/Images/BulletImg.png using Guid(28fd8464f5f9f084abb7b06d096a6666) Importer(2089858483,192608db42251d675da83286b1cce702) (ScriptedImporter) -> (artifact id: 'ae4d1d4c7515df62523f85f9029009d3') in 0.0210978 seconds
Number of updated asset objects reloaded before import = 0Number of asset objects unloaded after import = 3

========================================================================
Received Import Request.
  Time since last request: 0.000040 seconds.
  path: Assets/Images/BossImg/Megapack III Cerberus Ptolemaios.png
  artifactKey: Guid(0f833b2d6981cbb46867f5ecbd4d3ff3) Importer(2089858483,192608db42251d675da83286b1cce702)
Start importing Assets/Images/BossImg/Megapack III Cerberus Ptolemaios.png using Guid(0f833b2d6981cbb46867f5ecbd4d3ff3) Importer(2089858483,192608db42251d675da83286b1cce702) (ScriptedImporter) -> (artifact id: '00d4feeffd3fb2d8d25177dedb6cce2f') in 0.0438846 seconds
Number of updated asset objects reloaded before import = 0Number of asset objects unloaded after import = 3

========================================================================
Received Import Request.
  Time since last request: 0.000019 seconds.
  path: Assets/Images/BossImg/Megapack III Fallen Kings King Of Elves Dreyel.png
  artifactKey: Guid(d28c1a26c29a59a429fb8d52f8d6bc01) Importer(2089858483,192608db42251d675da83286b1cce702)
Start importing Assets/Images/BossImg/Megapack III Fallen Kings King Of Elves Dreyel.png using Guid(d28c1a26c29a59a429fb8d52f8d6bc01) Importer(2089858483,192608db42251d675da83286b1cce702) (ScriptedImporter) -> (artifact id: '242a6475aad3bf7481bfa89d530f18f0') in 0.0253049 seconds
Number of updated asset objects reloaded before import = 0Number of asset objects unloaded after import = 3

========================================================================
Received Import Request.
  Time since last request: 0.000026 seconds.
  path: Assets/Images/itemshop_coin.png
  artifactKey: Guid(670eb455acf29ab4382a67a0635a3686) Importer(2089858483,192608db42251d675da83286b1cce702)
Start importing Assets/Images/itemshop_coin.png using Guid(670eb455acf29ab4382a67a0635a3686) Importer(2089858483,192608db42251d675da83286b1cce702) (ScriptedImporter) -> (artifact id: '47b89d63eb58f6b24fbed625ab9ae5d4') in 0.0318552 seconds
Number of updated asset objects reloaded before import = 0Number of asset objects unloaded after import = 3

========================================================================
Received Import Request.
  Time since last request: 0.000032 seconds.
  path: Assets/Images/CicleBar.png
  artifactKey: Guid(07baae62777cd5c489b50ce337292295) Importer(2089858483,192608db42251d675da83286b1cce702)
Start importing Assets/Images/CicleBar.png using Guid(07baae62777cd5c489b50ce337292295) Importer(2089858483,192608db42251d675da83286b1cce702) (ScriptedImporter) -> (artifact id: 'c2481c54290fd582a7a31a68defed87f') in 0.0236538 seconds
Number of updated asset objects reloaded before import = 0Number of asset objects unloaded after import = 3

========================================================================
Received Import Request.
  Time since last request: 0.000095 seconds.
  path: Assets/Images/hpbar_white.png
  artifactKey: Guid(ab26c3ef71224ec4ab708d31619c5a1a) Importer(2089858483,192608db42251d675da83286b1cce702)
Start importing Assets/Images/hpbar_white.png using Guid(ab26c3ef71224ec4ab708d31619c5a1a) Importer(2089858483,192608db42251d675da83286b1cce702) (ScriptedImporter) -> (artifact id: 'cf2ea5ca2f2b74359f04b109c71f37ea') in 0.0344737 seconds
Number of updated asset objects reloaded before import = 0Number of asset objects unloaded after import = 3

========================================================================
Received Import Request.
  Time since last request: 0.000034 seconds.
  path: Assets/Images/StoreImage/UI_shop_menu_botton_on.png
  artifactKey: Guid(ab12c68f022238848b0c35d31bff90ad) Importer(2089858483,192608db42251d675da83286b1cce702)
Start importing Assets/Images/StoreImage/UI_shop_menu_botton_on.png using Guid(ab12c68f022238848b0c35d31bff90ad) Importer(2089858483,192608db42251d675da83286b1cce702) (ScriptedImporter) -> (artifact id: 'b8c0b5d41d7dfffc63631678e978ffe2') in 0.0236285 seconds
Number of updated asset objects reloaded before import = 0Number of asset objects unloaded after import = 3

========================================================================
Received Import Request.
  Time since last request: 0.000048 seconds.
  path: Assets/Images/BossImg/Megpack III Drill Dwarf.png
  artifactKey: Guid(c7ad8bc594aee35469698b67c7f6eec9) Importer(2089858483,192608db42251d675da83286b1cce702)
Start importing Assets/Images/BossImg/Megpack III Drill Dwarf.png using Guid(c7ad8bc594aee35469698b67c7f6eec9) Importer(2089858483,192608db42251d675da83286b1cce702) (ScriptedImporter) -> (artifact id: '09d64dd23ad3d2497c752a089a32a0e3') in 0.0295432 seconds
Number of updated asset objects reloaded before import = 0Number of asset objects unloaded after import = 3

========================================================================
Received Import Request.
  Time since last request: 0.000029 seconds.
  path: Assets/Images/UI/games_leaderboards_white.png
  artifactKey: Guid(8f234009e95ba964fbdcf5a5eb195483) Importer(2089858483,192608db42251d675da83286b1cce702)
Start importing Assets/Images/UI/games_leaderboards_white.png using Guid(8f234009e95ba964fbdcf5a5eb195483) Importer(2089858483,192608db42251d675da83286b1cce702) (ScriptedImporter) -> (artifact id: 'e9f03992e3fadfc75a518eb7761b08b1') in 0.0264641 seconds
Number of updated asset objects reloaded before import = 0Number of asset objects unloaded after import = 3

========================================================================
Received Import Request.
  Time since last request: 0.000026 seconds.
  path: Assets/Images/BossImg/Megapack III Fallen Kings Arcane King Jeffroy.png
  artifactKey: Guid(d22ebf3eb86604a4cadde25d800ac62f) Importer(2089858483,192608db42251d675da83286b1cce702)
Start importing Assets/Images/BossImg/Megapack III Fallen Kings Arcane King Jeffroy.png using Guid(d22ebf3eb86604a4cadde25d800ac62f) Importer(2089858483,192608db42251d675da83286b1cce702) (ScriptedImporter) -> (artifact id: 'f62ca1effe91579d039d908e9721241f') in 0.0235341 seconds
Number of updated asset objects reloaded before import = 0Number of asset objects unloaded after import = 3

========================================================================
Received Import Request.
  Time since last request: 0.000025 seconds.
  path: Assets/Images/UI/main_shop.png
  artifactKey: Guid(d265df538b347d04ea358940f4146e0f) Importer(2089858483,192608db42251d675da83286b1cce702)
Start importing Assets/Images/UI/main_shop.png using Guid(d265df538b347d04ea358940f4146e0f) Importer(2089858483,192608db42251d675da83286b1cce702) (ScriptedImporter) -> (artifact id: 'ec7ee533e0e1aeebfc97a681dde67415') in 0.0283357 seconds
Number of updated asset objects reloaded before import = 0Number of asset objects unloaded after import = 3

========================================================================
Received Import Request.
  Time since last request: 0.000030 seconds.
  path: Assets/Resources/Mon_Root .prefab
  artifactKey: Guid(54bf84f644146754080d05760276c8bf) Importer(2089858483,192608db42251d675da83286b1cce702)
Start importing Assets/Resources/Mon_Root .prefab using Guid(54bf84f644146754080d05760276c8bf) Importer(2089858483,192608db42251d675da83286b1cce702) (ScriptedImporter) -> (artifact id: 'eb9f3b6d6fc82da4059ec25ccf9d8e3d') in 0.0170788 seconds
Number of updated asset objects reloaded before import = 0Number of asset objects unloaded after import = 18

========================================================================
Received Import Request.
  Time since last request: 0.000160 seconds.
  path: Assets/Images/Back_104.jpg
  artifactKey: Guid(c517cda710a61964681ddfb3d8ee9d30) Importer(2089858483,192608db42251d675da83286b1cce702)
Start importing Assets/Images/Back_104.jpg using Guid(c517cda710a61964681ddfb3d8ee9d30) Importer(2089858483,192608db42251d675da83286b1cce702) (ScriptedImporter) -> (artifact id: '6aabcd99a14f7d6fc911efd24ce1f77d') in 0.0244417 seconds
Number of updated asset objects reloaded before import = 0Number of asset objects unloaded after import = 3

========================================================================
Received Import Request.
  Time since last request: 0.000024 seconds.
  path: Assets/Images/BossImg/Megapack III Elemental Lords Fire Lord.png
  artifactKey: Guid(8312ef07337eb1546a7143589d7fa53b) Importer(2089858483,192608db42251d675da83286b1cce702)
Start importing Assets/Images/BossImg/Megapack III Elemental Lords Fire Lord.png using Guid(8312ef07337eb1546a7143589d7fa53b) Importer(2089858483,192608db42251d675da83286b1cce702) (ScriptedImporter) -> (artifact id: 'c9cf42d3cfb735ae0e2378f4101e0b26') in 0.0253752 seconds
Number of updated asset objects reloaded before import = 0Number of asset objects unloaded after import = 3

========================================================================
Received Import Request.
  Time since last request: 0.000034 seconds.
  path: Assets/Images/RscTrunk/itemshop_coin.png
  artifactKey: Guid(376dcb240c968e1468139b1c7bc6c5f5) Importer(2089858483,192608db42251d675da83286b1cce702)
Start importing Assets/Images/RscTrunk/itemshop_coin.png using Guid(376dcb240c968e1468139b1c7bc6c5f5) Importer(2089858483,192608db42251d675da83286b1cce702) (ScriptedImporter) -> (artifact id: 'd08274d2c7e7e797c76d98e4ce61486d') in 0.0270787 seconds
Number of updated asset objects reloaded before import = 0Number of asset objects unloaded after import = 3

========================================================================
Received Import Request.
  Time since last request: 0.000045 seconds.
  path: Assets/Images/Game_Cog_1.png
  artifactKey: Guid(f18af2fe2d63242419c3a2d02b1531e1) Importer(2089858483,192608db42251d675da83286b1cce702)
Start importing Assets/Images/Game_Cog_1.png using Guid(f18af2fe2d63242419c3a2d02b1531e1) Importer(2089858483,192608db42251d675da83286b1cce702) (ScriptedImporter) -> (artifact id: '97bd4358d6cb2ab034f2aa0ec4c331d9') in 0.0240102 seconds
Number of updated asset objects reloaded before import = 0Number of asset objects unloaded after import = 3

========================================================================
Received Import Request.
  Time since last request: 0.000024 seconds.
  path: Assets/Images/BulletImg_2.png
  artifactKey: Guid(1f7bb25bea1d3874d80cb9c90e8dbe67) Importer(2089858483,192608db42251d675da83286b1cce702)
Start importing Assets/Images/BulletImg_2.png using Guid(1f7bb25bea1d3874d80cb9c90e8dbe67) Importer(2089858483,192608db42251d675da83286b1cce702) (ScriptedImporter) -> (artifact id: 'e20fa91525fb0bb2f0982cd566ef591e') in 0.0236699 seconds
Number of updated asset objects reloaded before import = 0Number of asset objects unloaded after import = 3

========================================================================
Received Import Request.
  Time since last request: 0.000052 seconds.
  path: Assets/Images/BossImg/Megapack III Red Guard C.png
  artifactKey: Guid(c3d588ee83aeaa340aec65a4eb02d579) Importer(2089858483,192608db42251d675da83286b1cce702)
Start importing Assets/Images/BossImg/Megapack III Red Guard C.png using Guid(c3d588ee83aeaa340aec65a4eb02d579) Importer(2089858483,192608db42251d675da83286b1cce702) (ScriptedImporter) -> (artifact id: 'd4b201b06dcf5ecbcbfdf0ab5d9ce325') in 0.0296149 seconds
Number of updated asset objects reloaded before import = 0Number of asset objects unloaded after import = 3

========================================================================
Received Import Request.
  Time since last request: 0.000023 seconds.
  path: Assets/Images/StoreImage/facebook_Login_kor.png
  artifactKey: Guid(3355e8cfc5c7e6d4fb67709dde5f2cae) Importer(2089858483,192608db42251d675da83286b1cce702)
Start importing Assets/Images/StoreImage/facebook_Login_kor.png using Guid(3355e8cfc5c7e6d4fb67709dde5f2cae) Importer(2089858483,192608db42251d675da83286b1cce702) (ScriptedImporter) -> (artifact id: 'be5a48182838d138b0c77095a1bf1f34') in 0.0221021 seconds
Number of updated asset objects reloaded before import = 0Number of asset objects unloaded after import = 3

========================================================================
Received Import Request.
  Time since last request: 0.000072 seconds.
  path: Assets/Images/BossImg/Megapack III Elemental Lords Ice Maiden.png
  artifactKey: Guid(ce1cd3d7c235f944782035357f1bae50) Importer(2089858483,192608db42251d675da83286b1cce702)
Start importing Assets/Images/BossImg/Megapack III Elemental Lords Ice Maiden.png using Guid(ce1cd3d7c235f944782035357f1bae50) Importer(2089858483,192608db42251d675da83286b1cce702) (ScriptedImporter) -> (artifact id: 'c979bd10b839c1c2030df44a8db0d508') in 0.0242164 seconds
Number of updated asset objects reloaded before import = 0Number of asset objects unloaded after import = 3

========================================================================
Received Import Request.
  Time since last request: 0.000056 seconds.
  path: Assets/Resources/Enermy_1.prefab
  artifactKey: Guid(71202b5d2aba31a40b334eb191b85c84) Importer(2089858483,192608db42251d675da83286b1cce702)
Start importing Assets/Resources/Enermy_1.prefab using Guid(71202b5d2aba31a40b334eb191b85c84) Importer(2089858483,192608db42251d675da83286b1cce702) (ScriptedImporter) -> (artifact id: '13751ade04aba0e64eacb0560ce8be0e') in 0.0417971 seconds
Number of updated asset objects reloaded before import = 0Number of asset objects unloaded after import = 26

========================================================================
Received Import Request.
  Time since last request: 0.000027 seconds.
  path: Assets/Images/BossImg/Megpack III Fallen Kings Undead King Berthelot.png
  artifactKey: Guid(30c95c9ac9a99dc4f9f9237ad56c7d28) Importer(2089858483,192608db42251d675da83286b1cce702)
Start importing Assets/Images/BossImg/Megpack III Fallen Kings Undead King Berthelot.png using Guid(30c95c9ac9a99dc4f9f9237ad56c7d28) Importer(2089858483,192608db42251d675da83286b1cce702) (ScriptedImporter) -> (artifact id: '775b2ac701761a37022b3fcb0db60154') in 0.0238057 seconds
Number of updated asset objects reloaded before import = 0Number of asset objects unloaded after import = 3

========================================================================
Received Import Request.
  Time since last request: 0.000032 seconds.
  path: Assets/Images/BossImg/Megapack III Red Guard A.png
  artifactKey: Guid(ed9e8f7dcbd40e24b8ab38ae4ccc6f2d) Importer(2089858483,192608db42251d675da83286b1cce702)
Start importing Assets/Images/BossImg/Megapack III Red Guard A.png using Guid(ed9e8f7dcbd40e24b8ab38ae4ccc6f2d) Importer(2089858483,192608db42251d675da83286b1cce702) (ScriptedImporter) -> (artifact id: 'fa174289b78ae35ff95fb74566c9ef49') in 0.0232457 seconds
Number of updated asset objects reloaded before import = 0Number of asset objects unloaded after import = 3

Editor requested this worker to shutdown with reason: Scaling down because of idle timeout
AssetImportWorker is now disconnected from the server
Process exiting
Exiting without the bug reporter. Application will terminate with return code 0