Using pre-set license
Built from '2023.2/staging' branch; Version is '2023.2.4f1 (accd6d46ced1) revision 11324781'; Using compiler version '193431935'; Build Type 'Release'
OS: 'Windows 11  (10.0.22631) 64bit Education' Language: 'ko' Physical Memory: 14188 MB
BatchMode: 1, IsHumanControllingUs: 0, StartBugReporterOnCrash: 0, Is64bit: 1, IsPro: 1

COMMAND LINE ARGUMENTS:
C:\Program Files\Unity 2023.2.4f1\Editor\Unity.exe
-adb2
-batchMode
-noUpm
-name
AssetImportWorker1
-projectPath
C:/Users/이연준/Downloads/Hshooting
-logFile
Logs/AssetImportWorker1.log
-srvPort
57817
-job-worker-count
7
-background-job-worker-count
8
-asset-garbage-collectors
1
Successfully changed project path to: C:/Users/이연준/Downloads/Hshooting
C:/Users/이연준/Downloads/Hshooting
[UnityMemory] Configuration Parameters - Can be set up in boot.config
    "memorysetup-bucket-allocator-granularity=16"
    "memorysetup-bucket-allocator-bucket-count=8"
    "memorysetup-bucket-allocator-block-size=33554432"
    "memorysetup-bucket-allocator-block-count=8"
    "memorysetup-main-allocator-block-size=16777216"
    "memorysetup-thread-allocator-block-size=16777216"
    "memorysetup-gfx-main-allocator-block-size=16777216"
    "memorysetup-gfx-thread-allocator-block-size=16777216"
    "memorysetup-cache-allocator-block-size=4194304"
    "memorysetup-typetree-allocator-block-size=2097152"
    "memorysetup-profiler-bucket-allocator-granularity=16"
    "memorysetup-profiler-bucket-allocator-bucket-count=8"
    "memorysetup-profiler-bucket-allocator-block-size=33554432"
    "memorysetup-profiler-bucket-allocator-block-count=8"
    "memorysetup-profiler-allocator-block-size=16777216"
    "memorysetup-profiler-editor-allocator-block-size=1048576"
    "memorysetup-temp-allocator-size-main=16777216"
    "memorysetup-job-temp-allocator-block-size=2097152"
    "memorysetup-job-temp-allocator-block-size-background=1048576"
    "memorysetup-job-temp-allocator-reduction-small-platforms=262144"
    "memorysetup-allocator-temp-initial-block-size-main=262144"
    "memorysetup-allocator-temp-initial-block-size-worker=262144"
    "memorysetup-temp-allocator-size-background-worker=32768"
    "memorysetup-temp-allocator-size-job-worker=262144"
    "memorysetup-temp-allocator-size-preload-manager=33554432"
    "memorysetup-temp-allocator-size-nav-mesh-worker=65536"
    "memorysetup-temp-allocator-size-audio-worker=65536"
    "memorysetup-temp-allocator-size-cloud-worker=32768"
    "memorysetup-temp-allocator-size-gi-baking-worker=262144"
    "memorysetup-temp-allocator-size-gi-baking-worker=262144"
    "memorysetup-temp-allocator-size-gi-baking-worker=262144"
    "memorysetup-temp-allocator-size-gi-baking-worker=262144"
    "memorysetup-temp-allocator-size-gfx=262144"
Player connection [34168] Host "[IP] 192.168.0.5 [Port] 0 [Flags] 2 [Guid] 3530744336 [EditorId] 3530744336 [Version] 1048832 [Id] WindowsEditor(7,DESKTOP-A9N9A0U) [Debug] 1 [PackageName] WindowsEditor [ProjectName] Editor" joined multi-casting on [225.0.0.222:54997]...
Player connection [34168] Host "[IP] 192.168.0.5 [Port] 0 [Flags] 2 [Guid] 3530744336 [EditorId] 3530744336 [Version] 1048832 [Id] WindowsEditor(7,DESKTOP-A9N9A0U) [Debug] 1 [PackageName] WindowsEditor [ProjectName] Editor" joined alternative multi-casting on [225.0.0.222:34997]...
JobSystem: Creating JobQueue using job-worker-count value 7
[Physics::Module] Initialized MultithreadedJobDispatcher with 7 workers.
Library Redirect Path: Library/
Refreshing native plugins compatible for Editor in 6.36 ms, found 7 plugins.
Preloading 0 native plugins for Editor in 0.00 ms.
Initialize engine version: 2023.2.4f1 (accd6d46ced1)
[Subsystems] Discovering subsystems at path C:/Program Files/Unity 2023.2.4f1/Editor/Data/Resources/UnitySubsystems
[Subsystems] Discovering subsystems at path C:/Users/이연준/Downloads/Hshooting/Assets
GfxDevice: creating device client; kGfxThreadingModeNonThreaded
Direct3D:
    Version:  Direct3D 11.0 [level 11.1]
    Renderer: NVIDIA GeForce RTX 3060 Laptop GPU (ID=0x2560)
    Vendor:   NVIDIA
    VRAM:     5996 MB
    Driver:   32.0.15.5585
Initialize mono
Mono path[0] = 'C:/Program Files/Unity 2023.2.4f1/Editor/Data/Managed'
Mono path[1] = 'C:/Program Files/Unity 2023.2.4f1/Editor/Data/MonoBleedingEdge/lib/mono/unityjit-win32'
Mono config path = 'C:/Program Files/Unity 2023.2.4f1/Editor/Data/MonoBleedingEdge/etc'
Using monoOptions --debugger-agent=transport=dt_socket,embedding=1,server=y,suspend=n,address=127.0.0.1:56412
Begin MonoManager ReloadAssembly
Registering precompiled unity dll's ...
Register platform support module: C:/Program Files/Unity 2023.2.4f1/Editor/Data/PlaybackEngines/WindowsStandaloneSupport/UnityEditor.WindowsStandalone.Extensions.dll
Register platform support module: C:/Program Files/Unity 2023.2.4f1/Editor/Data/PlaybackEngines/AndroidPlayer/UnityEditor.Android.Extensions.dll
Registered in 0.006436 seconds.
- Loaded All Assemblies, in  0.570 seconds
Native extension for Android target not found
Native extension for WindowsStandalone target not found
Mono: successfully reloaded assembly
- Finished resetting the current domain, in  0.421 seconds
Domain Reload Profiling: 986ms
	BeginReloadAssembly (186ms)
		ExecutionOrderSort (0ms)
		DisableScriptedObjects (0ms)
		BackupInstance (0ms)
		ReleaseScriptingObjects (0ms)
		CreateAndSetChildDomain (1ms)
	RebuildCommonClasses (42ms)
	RebuildNativeTypeToScriptingClass (21ms)
	initialDomainReloadingComplete (70ms)
	LoadAllAssembliesAndSetupDomain (246ms)
		LoadAssemblies (183ms)
		RebuildTransferFunctionScriptingTraits (0ms)
		AnalyzeDomain (241ms)
			TypeCache.Refresh (239ms)
				TypeCache.ScanAssembly (222ms)
			BuildScriptInfoCaches (0ms)
			ResolveRequiredComponents (1ms)
	FinalizeReload (421ms)
		ReleaseScriptCaches (0ms)
		RebuildScriptCaches (0ms)
		SetupLoadedEditorAssemblies (370ms)
			LogAssemblyErrors (0ms)
			InitializePlatformSupportModulesInManaged (98ms)
			SetLoadedEditorAssemblies (6ms)
			BeforeProcessingInitializeOnLoad (11ms)
			ProcessInitializeOnLoadAttributes (195ms)
			ProcessInitializeOnLoadMethodAttributes (60ms)
			AfterProcessingInitializeOnLoad (0ms)
			EditorAssembliesLoaded (0ms)
		ExecutionOrderSort2 (0ms)
		AwakeInstancesAfterBackupRestoration (0ms)
========================================================================
Worker process is ready to serve import requests
Import Worker Mode flag is 0x00
Begin MonoManager ReloadAssembly
- Loaded All Assemblies, in  1.053 seconds
Refreshing native plugins compatible for Editor in 6.39 ms, found 7 plugins.
Native extension for Android target not found
Native extension for WindowsStandalone target not found
Mono: successfully reloaded assembly
- Finished resetting the current domain, in  0.783 seconds
Domain Reload Profiling: 1828ms
	BeginReloadAssembly (369ms)
		ExecutionOrderSort (0ms)
		DisableScriptedObjects (6ms)
		BackupInstance (0ms)
		ReleaseScriptingObjects (0ms)
		CreateAndSetChildDomain (39ms)
	RebuildCommonClasses (45ms)
	RebuildNativeTypeToScriptingClass (14ms)
	initialDomainReloadingComplete (53ms)
	LoadAllAssembliesAndSetupDomain (564ms)
		LoadAssemblies (475ms)
		RebuildTransferFunctionScriptingTraits (0ms)
		AnalyzeDomain (216ms)
			TypeCache.Refresh (178ms)
				TypeCache.ScanAssembly (159ms)
			BuildScriptInfoCaches (27ms)
			ResolveRequiredComponents (6ms)
	FinalizeReload (784ms)
		ReleaseScriptCaches (0ms)
		RebuildScriptCaches (0ms)
		SetupLoadedEditorAssemblies (561ms)
			LogAssemblyErrors (0ms)
			InitializePlatformSupportModulesInManaged (24ms)
			SetLoadedEditorAssemblies (5ms)
			BeforeProcessingInitializeOnLoad (76ms)
			ProcessInitializeOnLoadAttributes (409ms)
			ProcessInitializeOnLoadMethodAttributes (37ms)
			AfterProcessingInitializeOnLoad (9ms)
			EditorAssembliesLoaded (0ms)
		ExecutionOrderSort2 (0ms)
		AwakeInstancesAfterBackupRestoration (8ms)
Launched and connected shader compiler UnityShaderCompiler.exe after 0.01 seconds
Refreshing native plugins compatible for Editor in 5.33 ms, found 7 plugins.
Preloading 0 native plugins for Editor in 0.00 ms.
Unloading 21 Unused Serialized files (Serialized files now loaded: 0)
Unloading 4273 unused Assets / (1.4 MB). Loaded Objects now: 4840.
Memory consumption went from 125.3 MB to 123.9 MB.
Total: 9.145000 ms (FindLiveObjects: 0.495200 ms CreateObjectMapping: 0.327800 ms MarkObjects: 6.171600 ms  DeleteObjects: 2.148800 ms)

========================================================================
Received Import Request.
  Time since last request: 95153.765771 seconds.
  path: Assets/Images/StoreImage/Grey.png
  artifactKey: Guid(529f67a8ec274bd47ba02fc364c99f0c) Importer(2089858483,192608db42251d675da83286b1cce702)
Start importing Assets/Images/StoreImage/Grey.png using Guid(529f67a8ec274bd47ba02fc364c99f0c) Importer(2089858483,192608db42251d675da83286b1cce702) (ScriptedImporter) -> (artifact id: '04a02c9d6fb1aed66059db1b87867101') in 0.1563674 seconds
Number of updated asset objects reloaded before import = 0Number of asset objects unloaded after import = 3

========================================================================
Received Import Request.
  Time since last request: 0.000026 seconds.
  path: Assets/Images/BossImg/Megapack III Undead Warrior Benkei.png
  artifactKey: Guid(83999ce2613162a4ebeb7394b8a6fc12) Importer(2089858483,192608db42251d675da83286b1cce702)
Start importing Assets/Images/BossImg/Megapack III Undead Warrior Benkei.png using Guid(83999ce2613162a4ebeb7394b8a6fc12) Importer(2089858483,192608db42251d675da83286b1cce702) (ScriptedImporter) -> (artifact id: '1a999d0ceeb33691be8c3e8368e75502') in 0.0204443 seconds
Number of updated asset objects reloaded before import = 0Number of asset objects unloaded after import = 3

========================================================================
Received Import Request.
  Time since last request: 0.000026 seconds.
  path: Assets/Images/StoreImage/background.psd
  artifactKey: Guid(853ea2ea824dd164e95d6efebe2e8230) Importer(2089858483,192608db42251d675da83286b1cce702)
Start importing Assets/Images/StoreImage/background.psd using Guid(853ea2ea824dd164e95d6efebe2e8230) Importer(2089858483,192608db42251d675da83286b1cce702) (ScriptedImporter) -> (artifact id: '3041438418e9553cc5855d55eefd1a7e') in 0.0328329 seconds
Number of updated asset objects reloaded before import = 0Number of asset objects unloaded after import = 3

========================================================================
Received Import Request.
  Time since last request: 0.000026 seconds.
  path: Assets/Scripts/Bulllet_Ctrl.cs
  artifactKey: Guid(09955129d76e5af4f94b8fae7f372a3e) Importer(2089858483,192608db42251d675da83286b1cce702)
Start importing Assets/Scripts/Bulllet_Ctrl.cs using Guid(09955129d76e5af4f94b8fae7f372a3e) Importer(2089858483,192608db42251d675da83286b1cce702) (ScriptedImporter) -> (artifact id: '1cbe6689a14719efa4938ea28ed9bc3b') in 0.0072626 seconds
Number of updated asset objects reloaded before import = 0Number of asset objects unloaded after import = 0

========================================================================
Received Import Request.
  Time since last request: 0.000235 seconds.
  path: Assets/Images/UI/Grey_Circle.png
  artifactKey: Guid(277fa3edace30374198fa421ed081422) Importer(2089858483,192608db42251d675da83286b1cce702)
Start importing Assets/Images/UI/Grey_Circle.png using Guid(277fa3edace30374198fa421ed081422) Importer(2089858483,192608db42251d675da83286b1cce702) (ScriptedImporter) -> (artifact id: '3ca499314b82ce9a1d21146201f570e2') in 0.0323153 seconds
Number of updated asset objects reloaded before import = 0Number of asset objects unloaded after import = 3

========================================================================
Received Import Request.
  Time since last request: 0.000033 seconds.
  path: Assets/Images/missile.png
  artifactKey: Guid(8a9d4c9376a0c9f428233cccc06ac770) Importer(2089858483,192608db42251d675da83286b1cce702)
Start importing Assets/Images/missile.png using Guid(8a9d4c9376a0c9f428233cccc06ac770) Importer(2089858483,192608db42251d675da83286b1cce702) (ScriptedImporter) -> (artifact id: 'da8c5bf6fd38a5eed995efbc4703d530') in 0.0265643 seconds
Number of updated asset objects reloaded before import = 0Number of asset objects unloaded after import = 3

========================================================================
Received Import Request.
  Time since last request: 0.000037 seconds.
  path: Assets/Images/BossImg/Megapack III Fallen Kings King Of Giants Goken.png
  artifactKey: Guid(e1aac3f397b991d45a4d2125b59259fb) Importer(2089858483,192608db42251d675da83286b1cce702)
Start importing Assets/Images/BossImg/Megapack III Fallen Kings King Of Giants Goken.png using Guid(e1aac3f397b991d45a4d2125b59259fb) Importer(2089858483,192608db42251d675da83286b1cce702) (ScriptedImporter) -> (artifact id: 'bec5a0ebfa605e3cf6df26b0e5eee5a7') in 0.0234587 seconds
Number of updated asset objects reloaded before import = 0Number of asset objects unloaded after import = 3

========================================================================
Received Import Request.
  Time since last request: 0.000026 seconds.
  path: Assets/Images/Bullet_44.png
  artifactKey: Guid(79c06094fc9dcef4186dc880b0d0c0f8) Importer(2089858483,192608db42251d675da83286b1cce702)
Start importing Assets/Images/Bullet_44.png using Guid(79c06094fc9dcef4186dc880b0d0c0f8) Importer(2089858483,192608db42251d675da83286b1cce702) (ScriptedImporter) -> (artifact id: 'f4712ee0fc39b84da71e9f89e4f65636') in 0.0248731 seconds
Number of updated asset objects reloaded before import = 0Number of asset objects unloaded after import = 3

========================================================================
Received Import Request.
  Time since last request: 0.000062 seconds.
  path: Assets/Images/BossImg/Megapack III Red Guard B.png
  artifactKey: Guid(15d6f109b9d35b24ebe9f26bda611a90) Importer(2089858483,192608db42251d675da83286b1cce702)
Start importing Assets/Images/BossImg/Megapack III Red Guard B.png using Guid(15d6f109b9d35b24ebe9f26bda611a90) Importer(2089858483,192608db42251d675da83286b1cce702) (ScriptedImporter) -> (artifact id: '20cca33b412e9ba23b68668e984a5218') in 0.0289614 seconds
Number of updated asset objects reloaded before import = 0Number of asset objects unloaded after import = 3

========================================================================
Received Import Request.
  Time since last request: 0.000045 seconds.
  path: Assets/Images/Back_101.jpg
  artifactKey: Guid(90cfecbcc79a1bf4f9284a424777aca6) Importer(2089858483,192608db42251d675da83286b1cce702)
Start importing Assets/Images/Back_101.jpg using Guid(90cfecbcc79a1bf4f9284a424777aca6) Importer(2089858483,192608db42251d675da83286b1cce702) (ScriptedImporter) -> (artifact id: 'd178982913c08984e62331a16f8ba7e7') in 0.0280756 seconds
Number of updated asset objects reloaded before import = 0Number of asset objects unloaded after import = 3

========================================================================
Received Import Request.
  Time since last request: 0.000081 seconds.
  path: Assets/Images/UI/games_controller_white.png
  artifactKey: Guid(c804db7eaea506647b91772d9a26d02a) Importer(2089858483,192608db42251d675da83286b1cce702)
Start importing Assets/Images/UI/games_controller_white.png using Guid(c804db7eaea506647b91772d9a26d02a) Importer(2089858483,192608db42251d675da83286b1cce702) (ScriptedImporter) -> (artifact id: 'a6dd719c0fa7d37529301aa7bc5d327b') in 0.0215696 seconds
Number of updated asset objects reloaded before import = 0Number of asset objects unloaded after import = 3

========================================================================
Received Import Request.
  Time since last request: 0.000027 seconds.
  path: Assets/Images/Back02.jpg
  artifactKey: Guid(59d3010322ce5b043ac8e8842015f980) Importer(2089858483,192608db42251d675da83286b1cce702)
Start importing Assets/Images/Back02.jpg using Guid(59d3010322ce5b043ac8e8842015f980) Importer(2089858483,192608db42251d675da83286b1cce702) (ScriptedImporter) -> (artifact id: 'c01db911cf98a566ddade0497f192cff') in 0.047803 seconds
Number of updated asset objects reloaded before import = 0Number of asset objects unloaded after import = 3

========================================================================
Received Import Request.
  Time since last request: 0.000031 seconds.
  path: Assets/Images/StoreImage/ClosePNG.png
  artifactKey: Guid(848eac2ad5b42584dbc5c235d9fd4061) Importer(2089858483,192608db42251d675da83286b1cce702)
Start importing Assets/Images/StoreImage/ClosePNG.png using Guid(848eac2ad5b42584dbc5c235d9fd4061) Importer(2089858483,192608db42251d675da83286b1cce702) (ScriptedImporter) -> (artifact id: 'e950388df40457519f807b69b5b6d62b') in 0.0267158 seconds
Number of updated asset objects reloaded before import = 0Number of asset objects unloaded after import = 3

========================================================================
Received Import Request.
  Time since last request: 0.000052 seconds.
  path: Assets/Images/Eff_Img.png
  artifactKey: Guid(f7aca50ac8b499545a0923cba112ea6c) Importer(2089858483,192608db42251d675da83286b1cce702)
Start importing Assets/Images/Eff_Img.png using Guid(f7aca50ac8b499545a0923cba112ea6c) Importer(2089858483,192608db42251d675da83286b1cce702) (ScriptedImporter) -> (artifact id: '0dae13b61457ec1797205c382c779c11') in 0.0405275 seconds
Number of updated asset objects reloaded before import = 0Number of asset objects unloaded after import = 3

========================================================================
Received Import Request.
  Time since last request: 0.000029 seconds.
  path: Assets/Images/pattern.jpg
  artifactKey: Guid(05c26d81b8467bc45bd0dfdecc17063a) Importer(2089858483,192608db42251d675da83286b1cce702)
Start importing Assets/Images/pattern.jpg using Guid(05c26d81b8467bc45bd0dfdecc17063a) Importer(2089858483,192608db42251d675da83286b1cce702) (ScriptedImporter) -> (artifact id: '5715f7755aab512f4597740043f7f152') in 0.0447232 seconds
Number of updated asset objects reloaded before import = 0Number of asset objects unloaded after import = 3

========================================================================
Received Import Request.
  Time since last request: 0.000024 seconds.
  path: Assets/Images/StoreImage/m0244.png
  artifactKey: Guid(ca91ce5118fa52640ab48544ba6a046e) Importer(2089858483,192608db42251d675da83286b1cce702)
Start importing Assets/Images/StoreImage/m0244.png using Guid(ca91ce5118fa52640ab48544ba6a046e) Importer(2089858483,192608db42251d675da83286b1cce702) (ScriptedImporter) -> (artifact id: '98bd9c8471506e120dd117ee92628dee') in 0.0243067 seconds
Number of updated asset objects reloaded before import = 0Number of asset objects unloaded after import = 3

========================================================================
Received Import Request.
  Time since last request: 0.000030 seconds.
  path: Assets/Images/UI/UI_mission_back.png
  artifactKey: Guid(e9711ccb2c326454395cc8d371f75a18) Importer(2089858483,192608db42251d675da83286b1cce702)
Start importing Assets/Images/UI/UI_mission_back.png using Guid(e9711ccb2c326454395cc8d371f75a18) Importer(2089858483,192608db42251d675da83286b1cce702) (ScriptedImporter) -> (artifact id: 'cde449e399be9bdb413ec7c6dd1fbf26') in 0.035191 seconds
Number of updated asset objects reloaded before import = 0Number of asset objects unloaded after import = 3

========================================================================
Received Import Request.
  Time since last request: 0.000035 seconds.
  path: Assets/Images/Back__105.jpg
  artifactKey: Guid(55e447ab74b2f0e448551ba21ab4619d) Importer(2089858483,192608db42251d675da83286b1cce702)
Start importing Assets/Images/Back__105.jpg using Guid(55e447ab74b2f0e448551ba21ab4619d) Importer(2089858483,192608db42251d675da83286b1cce702) (ScriptedImporter) -> (artifact id: 'bbe8646029ed4e673afd9cda4a23b7f4') in 0.0281752 seconds
Number of updated asset objects reloaded before import = 0Number of asset objects unloaded after import = 3

========================================================================
Received Import Request.
  Time since last request: 0.000089 seconds.
  path: Assets/Images/UI/Tick.png
  artifactKey: Guid(23e772d496a70d74687d1bfeea3899af) Importer(2089858483,192608db42251d675da83286b1cce702)
Start importing Assets/Images/UI/Tick.png using Guid(23e772d496a70d74687d1bfeea3899af) Importer(2089858483,192608db42251d675da83286b1cce702) (ScriptedImporter) -> (artifact id: '0f91d444f387dd02410b8062b7fea31f') in 0.0218269 seconds
Number of updated asset objects reloaded before import = 0Number of asset objects unloaded after import = 3

========================================================================
Received Import Request.
  Time since last request: 0.000137 seconds.
  path: Assets/Scripts/Mon_Mgr.cs
  artifactKey: Guid(cf3a73f0bdec00b4586a9fbd01633c2c) Importer(2089858483,192608db42251d675da83286b1cce702)
Start importing Assets/Scripts/Mon_Mgr.cs using Guid(cf3a73f0bdec00b4586a9fbd01633c2c) Importer(2089858483,192608db42251d675da83286b1cce702) (ScriptedImporter) -> (artifact id: '4567d68931e57e4de3240124c1d7ff1f') in 0.0090756 seconds
Number of updated asset objects reloaded before import = 0Number of asset objects unloaded after import = 0

========================================================================
Received Import Request.
  Time since last request: 0.000112 seconds.
  path: Assets/Images/StoreImage/m0054.png
  artifactKey: Guid(4937ccc84766abc429cb6e2bf4430353) Importer(2089858483,192608db42251d675da83286b1cce702)
Start importing Assets/Images/StoreImage/m0054.png using Guid(4937ccc84766abc429cb6e2bf4430353) Importer(2089858483,192608db42251d675da83286b1cce702) (ScriptedImporter) -> (artifact id: '423c3b49877fdbd0995e9ff43473bf6f') in 0.0205532 seconds
Number of updated asset objects reloaded before import = 0Number of asset objects unloaded after import = 3

========================================================================
Received Import Request.
  Time since last request: 0.000022 seconds.
  path: Assets/Images/BossImg/Megapack III Dragonslayer Dwarf.png
  artifactKey: Guid(0342cf88004a4c44996b9dd076c10455) Importer(2089858483,192608db42251d675da83286b1cce702)
Start importing Assets/Images/BossImg/Megapack III Dragonslayer Dwarf.png using Guid(0342cf88004a4c44996b9dd076c10455) Importer(2089858483,192608db42251d675da83286b1cce702) (ScriptedImporter) -> (artifact id: '5e329026caaec17555edf96551cab136') in 0.023916 seconds
Number of updated asset objects reloaded before import = 0Number of asset objects unloaded after import = 3

========================================================================
Received Import Request.
  Time since last request: 0.000027 seconds.
  path: Assets/Images/UI/unnamed.png
  artifactKey: Guid(52551770013d46043a78bb4607109d02) Importer(2089858483,192608db42251d675da83286b1cce702)
Start importing Assets/Images/UI/unnamed.png using Guid(52551770013d46043a78bb4607109d02) Importer(2089858483,192608db42251d675da83286b1cce702) (ScriptedImporter) -> (artifact id: '2fa4a993bd8efefee752a25a0d38dfbb') in 0.0240286 seconds
Number of updated asset objects reloaded before import = 0Number of asset objects unloaded after import = 3

========================================================================
Received Import Request.
  Time since last request: 0.000028 seconds.
  path: Assets/Images/Back_103.jpg
  artifactKey: Guid(79b13516346a3194cad5e99e1322f219) Importer(2089858483,192608db42251d675da83286b1cce702)
Start importing Assets/Images/Back_103.jpg using Guid(79b13516346a3194cad5e99e1322f219) Importer(2089858483,192608db42251d675da83286b1cce702) (ScriptedImporter) -> (artifact id: '1c1a574f0ec1059593454d8ad234caf9') in 0.0332232 seconds
Number of updated asset objects reloaded before import = 0Number of asset objects unloaded after import = 3

========================================================================
Received Import Request.
  Time since last request: 0.000081 seconds.
  path: Assets/Images/StoreImage/Pink_Circle.png
  artifactKey: Guid(2e2a7a987ede35447b0754a8d3045483) Importer(2089858483,192608db42251d675da83286b1cce702)
Start importing Assets/Images/StoreImage/Pink_Circle.png using Guid(2e2a7a987ede35447b0754a8d3045483) Importer(2089858483,192608db42251d675da83286b1cce702) (ScriptedImporter) -> (artifact id: 'b62d1bd97142400421ebae98d34b8324') in 0.0254666 seconds
Number of updated asset objects reloaded before import = 0Number of asset objects unloaded after import = 3

========================================================================
Received Import Request.
  Time since last request: 0.000028 seconds.
  path: Assets/Images/m_visual2021.jpg
  artifactKey: Guid(aa615b277c8080d488b44c676887eb9b) Importer(2089858483,192608db42251d675da83286b1cce702)
Start importing Assets/Images/m_visual2021.jpg using Guid(aa615b277c8080d488b44c676887eb9b) Importer(2089858483,192608db42251d675da83286b1cce702) (ScriptedImporter) -> (artifact id: 'de3fc7bed08b731d68d2d4d3bdbdfc6c') in 0.0231196 seconds
Number of updated asset objects reloaded before import = 0Number of asset objects unloaded after import = 3

========================================================================
Received Import Request.
  Time since last request: 0.000044 seconds.
  path: Assets/Scripts/GameMgr.cs
  artifactKey: Guid(5fdfd89dba28e3547a90f9ce3ded66e4) Importer(2089858483,192608db42251d675da83286b1cce702)
Start importing Assets/Scripts/GameMgr.cs using Guid(5fdfd89dba28e3547a90f9ce3ded66e4) Importer(2089858483,192608db42251d675da83286b1cce702) (ScriptedImporter) -> (artifact id: '91317654f906bd9f9dd772a0f8594d35') in 0.0099308 seconds
Number of updated asset objects reloaded before import = 0Number of asset objects unloaded after import = 0

========================================================================
Received Import Request.
  Time since last request: 0.000142 seconds.
  path: Assets/Images/FBLoginBtnImg.png
  artifactKey: Guid(f5b9183bc7fdfab45ada6f3bf16b0972) Importer(2089858483,192608db42251d675da83286b1cce702)
Start importing Assets/Images/FBLoginBtnImg.png using Guid(f5b9183bc7fdfab45ada6f3bf16b0972) Importer(2089858483,192608db42251d675da83286b1cce702) (ScriptedImporter) -> (artifact id: '6b80aa5443b974b8c61cbebcb63dec67') in 0.0265934 seconds
Number of updated asset objects reloaded before import = 0Number of asset objects unloaded after import = 3

========================================================================
Received Import Request.
  Time since last request: 0.000023 seconds.
  path: Assets/Images/UI/UI_shop_menu_botton_on.png
  artifactKey: Guid(d08151698c46982478bb83d031701009) Importer(2089858483,192608db42251d675da83286b1cce702)
Start importing Assets/Images/UI/UI_shop_menu_botton_on.png using Guid(d08151698c46982478bb83d031701009) Importer(2089858483,192608db42251d675da83286b1cce702) (ScriptedImporter) -> (artifact id: '8336b732425917e9d6726935855ef894') in 0.0210607 seconds
Number of updated asset objects reloaded before import = 0Number of asset objects unloaded after import = 3

========================================================================
Received Import Request.
  Time since last request: 0.000036 seconds.
  path: Assets/Images/StoreImage/m0367.png
  artifactKey: Guid(be406623e587c4549bde48ed876c12ec) Importer(2089858483,192608db42251d675da83286b1cce702)
Start importing Assets/Images/StoreImage/m0367.png using Guid(be406623e587c4549bde48ed876c12ec) Importer(2089858483,192608db42251d675da83286b1cce702) (ScriptedImporter) -> (artifact id: '8d5628c67ffb83ed2c2c8a1ca6c1b7b1') in 0.0238747 seconds
Number of updated asset objects reloaded before import = 0Number of asset objects unloaded after import = 3

========================================================================
Received Import Request.
  Time since last request: 0.000026 seconds.
  path: Assets/Images/UI/main_quest.png
  artifactKey: Guid(ed1f9eb08d43a84438e715ae8b58e6a7) Importer(2089858483,192608db42251d675da83286b1cce702)
Start importing Assets/Images/UI/main_quest.png using Guid(ed1f9eb08d43a84438e715ae8b58e6a7) Importer(2089858483,192608db42251d675da83286b1cce702) (ScriptedImporter) -> (artifact id: 'fcda357e0c681578b47b9a9b3bc6af74') in 0.0233355 seconds
Number of updated asset objects reloaded before import = 0Number of asset objects unloaded after import = 3

========================================================================
Received Import Request.
  Time since last request: 0.000052 seconds.
  path: Assets/Images/Materials/BG_Mtrl.mat
  artifactKey: Guid(92a4d56d03a5dd54e9b3a3752e9c1339) Importer(2089858483,192608db42251d675da83286b1cce702)
Start importing Assets/Images/Materials/BG_Mtrl.mat using Guid(92a4d56d03a5dd54e9b3a3752e9c1339) Importer(2089858483,192608db42251d675da83286b1cce702) (ScriptedImporter) -> (artifact id: 'b8e367ef62a72100ad1a243141b30040') in 0.0186361 seconds
Number of updated asset objects reloaded before import = 0Number of asset objects unloaded after import = 1

========================================================================
Received Import Request.
  Time since last request: 0.000168 seconds.
  path: Assets/Images/RscTrunk/Tui1.png
  artifactKey: Guid(9ff604b0b53926448a4dbfcf735a2ff9) Importer(2089858483,192608db42251d675da83286b1cce702)
Start importing Assets/Images/RscTrunk/Tui1.png using Guid(9ff604b0b53926448a4dbfcf735a2ff9) Importer(2089858483,192608db42251d675da83286b1cce702) (ScriptedImporter) -> (artifact id: '55697392373fd02a2bd334a21b373ffe') in 0.0244604 seconds
Number of updated asset objects reloaded before import = 0Number of asset objects unloaded after import = 3

========================================================================
Received Import Request.
  Time since last request: 0.000058 seconds.
  path: Assets/Images/Grey_Circle.png
  artifactKey: Guid(cd3c862be1f69a14288803877adc4431) Importer(2089858483,192608db42251d675da83286b1cce702)
Start importing Assets/Images/Grey_Circle.png using Guid(cd3c862be1f69a14288803877adc4431) Importer(2089858483,192608db42251d675da83286b1cce702) (ScriptedImporter) -> (artifact id: '4eef473cd4ba01c7f7853f235709f96a') in 0.0197577 seconds
Number of updated asset objects reloaded before import = 0Number of asset objects unloaded after import = 3

========================================================================
Received Import Request.
  Time since last request: 0.000029 seconds.
  path: Assets/Images/BulletImg_3.png
  artifactKey: Guid(9a4787ecf52ea804abb79d5617ba6c17) Importer(2089858483,192608db42251d675da83286b1cce702)
Start importing Assets/Images/BulletImg_3.png using Guid(9a4787ecf52ea804abb79d5617ba6c17) Importer(2089858483,192608db42251d675da83286b1cce702) (ScriptedImporter) -> (artifact id: '5a0118a9578e60d9aa9e08458613312f') in 0.0275037 seconds
Number of updated asset objects reloaded before import = 0Number of asset objects unloaded after import = 3

